  Main.cpp
C:\Users\gameuser\ds19-KevinAndersen123\DSA_Lab5\Graph.h(108,30): warning C4018:  '<': signed/unsigned mismatch
C:\Users\gameuser\ds19-KevinAndersen123\DSA_Lab5\Graph.h(107): message :  while compiling class template member function 'Graph<NodeData,int>::~Graph(void)'
C:\Users\gameuser\ds19-KevinAndersen123\DSA_Lab5\Main.cpp(20): message :  see reference to function template instantiation 'Graph<NodeData,int>::~Graph(void)' being compiled
C:\Users\gameuser\ds19-KevinAndersen123\DSA_Lab5\Main.cpp(20): message :  see reference to class template instantiation 'Graph<NodeData,int>' being compiled
C:\Users\gameuser\ds19-KevinAndersen123\DSA_Lab5\Graph.h(453,20): warning C4018:  '<': signed/unsigned mismatch
C:\Users\gameuser\ds19-KevinAndersen123\DSA_Lab5\Graph.h(450): message :  while compiling class template member function 'void Graph<NodeData,int>::aStar(GraphNode<NodeData,int> *,GraphNode<NodeData,int> *,std::function<void (GraphNode<NodeData,int> *)>,std::vector<GraphNode<NodeData,int> *,std::allocator<_Ty>> &)'
C:\Users\gameuser\ds19-KevinAndersen123\DSA_Lab5\Graph.h(450): message :         with
C:\Users\gameuser\ds19-KevinAndersen123\DSA_Lab5\Graph.h(450): message :         [
C:\Users\gameuser\ds19-KevinAndersen123\DSA_Lab5\Graph.h(450): message :             _Ty=GraphNode<NodeData,int> *
C:\Users\gameuser\ds19-KevinAndersen123\DSA_Lab5\Graph.h(450): message :         ]
C:\Users\gameuser\ds19-KevinAndersen123\DSA_Lab5\Main.cpp(47): message :  see reference to function template instantiation 'void Graph<NodeData,int>::aStar(GraphNode<NodeData,int> *,GraphNode<NodeData,int> *,std::function<void (GraphNode<NodeData,int> *)>,std::vector<GraphNode<NodeData,int> *,std::allocator<_Ty>> &)' being compiled
C:\Users\gameuser\ds19-KevinAndersen123\DSA_Lab5\Main.cpp(47): message :         with
C:\Users\gameuser\ds19-KevinAndersen123\DSA_Lab5\Main.cpp(47): message :         [
C:\Users\gameuser\ds19-KevinAndersen123\DSA_Lab5\Main.cpp(47): message :             _Ty=GraphNode<NodeData,int> *
C:\Users\gameuser\ds19-KevinAndersen123\DSA_Lab5\Main.cpp(47): message :         ]
C:\Users\gameuser\ds19-KevinAndersen123\DSA_Lab5\Graph.h(456,73): warning C4244:  '=': conversion from 'int' to 'float', possible loss of data
C:\Users\gameuser\ds19-KevinAndersen123\DSA_Lab5\Graph.h(271,32): warning C4018:  '<': signed/unsigned mismatch
C:\Users\gameuser\ds19-KevinAndersen123\DSA_Lab5\Graph.h(270): message :  while compiling class template member function 'void Graph<NodeData,int>::clearMarks(void)'
C:\Users\gameuser\ds19-KevinAndersen123\DSA_Lab5\Graph.h(495): message :  see reference to function template instantiation 'void Graph<NodeData,int>::clearMarks(void)' being compiled
C:\Users\gameuser\ds19-KevinAndersen123\DSA_Lab5\Graph.h(97): message :  while compiling class template member function 'Graph<NodeData,int>::Graph(int)'
C:\Users\gameuser\ds19-KevinAndersen123\DSA_Lab5\Main.cpp(20): message :  see reference to function template instantiation 'Graph<NodeData,int>::Graph(int)' being compiled
C:\Users\gameuser\ds19-KevinAndersen123\DSA_Lab5\Graph.h(500,12): warning C4244:  'return': conversion from 'double' to 'int', possible loss of data
C:\Users\gameuser\ds19-KevinAndersen123\DSA_Lab5\Graph.h(499): message :  while compiling class template member function 'int Graph<NodeData,int>::getEstimatedHeuristicVal(GraphNode<NodeData,int> *,GraphNode<NodeData,int> *)'
C:\Users\gameuser\ds19-KevinAndersen123\DSA_Lab5\Graph.h(456): message :  see reference to function template instantiation 'int Graph<NodeData,int>::getEstimatedHeuristicVal(GraphNode<NodeData,int> *,GraphNode<NodeData,int> *)' being compiled
  DSA_Lab5.vcxproj -> C:\Users\gameuser\ds19-KevinAndersen123\DSA_Lab5\Debug\DSA_Lab5.exe
